Please enter a path to a fits file with photosplines such as
/gpfs/fs1/home/mhierony/data/splines/LowEnergyMieCascades-ShorterStack-560.abs.fits
falling back to default
loading from /gpfs/fs1/home/mhierony/data/splines/LowEnergyMieCascades-ShorterStack-560.abs.fits
Loading successful
# elapsed time (load_from_file): 0.0623721s
# elapsed time (cpu_vanilla): 0.00801606s

Some results
0, 0, 0, 0, 0, 0, 0, 0, 0, 0, 

# elapsed time (cpu): 0.00167533s

Some results
0, 0, 0, 0, 0, 0, 0, 0, 0, 0, 

# elapsed time (cpu_simple): 0.00166893s

Some results
0, 0, 0, 0, 0, 0, 0, 0, 0, 0, 


Allocating 0.334473 kByte on the GPU for the spline
Free Memory: 2852.93 MBytes of 2868.18
# elapsed time (H2D): 2.88635s

Allocating 0.0219727 MBytes for caching

Allocating 0 MBytes for the results

Total allocated for evaluating: 0.0219727 MBytes 
Free Memory: 2852.55 MBytes of 2868.18
CUDA error: an illegal memory access was encountered : src/gpu_bsplv.cu, line 316
srun: error: g0001: task 0: Exited with exit code 1
srun: Terminating job step 7586580.0
