nvcc  -std=c++11 -arch=sm_50 -D_FORCE_INLINES -D_MWAITXINTRIN_H_INCLUDED -O2  -L/usr/include/ -L/gpfs/fs1/home/mhierony/lib/cfitsio/install/lib -lcfitsio -L/gpfs/fs1/home/mhierony/lib/install/lib -lcurl -o build/apps/GUSTAV  src/cpu_bsplv.cpp src/main.cpp src/gpu_bsplv.cu src/helper/timing.cpp src/helper/load.cpp src/helper/photospline/fitstable.c src/helper/photospline/bspline.c 
src/main.cpp: In function ‘int main(int, char**)’:
src/main.cpp:24:114: warning: ISO C++ forbids converting a string constant to ‘char*’ [-Wwrite-strings]
         cpu = new CPU_BSPLV("/gpfs/fs1/home/mhierony/data/splines/LowEnergyMieCascades-ShorterStack-560.abs.fits");
                                                                                                                  ^
In file included from src/helper/photospline/fitstable.c:22:0:
src/helper/photospline/fitstable.c: In function ‘fillfitstable’:
/home/mhierony/lib/cfitsio/install/include/fitsio.h:213:24: warning: passing argument 2 of ‘sprintf’ makes pointer from integer without a cast [-Wint-conversion]
 #define FLEN_CARD      81  /* length of a FITS header card */
                        ^
src/helper/photospline/fitstable.c:286:17: note: in expansion of macro ‘FLEN_CARD’
   sprintf(card, FLEN_CARD, "%-8s= %s", table->aux[i][0], table->aux[i][1]);
                 ^
In file included from src/helper/photospline/fitstable.c:18:0:
/usr/include/stdio.h:364:12: note: expected ‘const char * restrict’ but argument is of type ‘int’
 extern int sprintf (char *__restrict __s,
            ^
Please enter a path to a fits file with photosplines such as
/gpfs/fs1/home/mhierony/data/splines/LowEnergyMieCascades-ShorterStack-560.abs.fits
falling back to default
loading from /gpfs/fs1/home/mhierony/data/splines/LowEnergyMieCascades-ShorterStack-560.abs.fits
Loading successful
# elapsed time (load_from_file): 0.801818s
# elapsed time (cpu_vanilla): 0.00788997s

Some results
0, 0, 0, 0, 0, 0, 0, 0, 0, 0, 

# elapsed time (cpu): 0.00170828s

Some results
0, 0, 0, 0, 0, 0, 0, 0, 0, 0, 

# elapsed time (cpu_simple): 0.00170465s

Some results
0, 0, 0, 0, 0, 0, 0, 0, 0, 0, 


Allocating 0.000169277 MByte on the GPU for the spline
# elapsed time (H2D): 1.05148s

Allocating 0.0219727 MBytes for caching

Allocating 0 MBytes for the results

Total allocated for evaluating: 0.0219727 MBytes 
CUDA error: invalid device function : src/gpu_bsplv.cu, line 301
srun: error: g0002: task 0: Exited with exit code 1
srun: Terminating job step 7585828.0
