Please enter a path to a fits file with photosplines such as
/gpfs/fs1/home/mhierony/data/splines/LowEnergyMieCascades-ShorterStack-560.abs.fits
falling back to default
loading from /gpfs/fs1/home/mhierony/data/splines/LowEnergyMieCascades-ShorterStack-560.abs.fits
Loading successful
# elapsed time (load_from_file): 0.0613086s
# elapsed time (cpu_vanilla): 0.00804835s

Some results
0, 0, 0, 0, 0, 0, 0, 0, 0, 0, 

# elapsed time (cpu): 0.00168324s

Some results
0, 0, 0, 0, 0, 0, 0, 0, 0, 0, 

# elapsed time (cpu_simple): 0.00167571s

Some results
0, 0, 0, 0, 0, 0, 0, 0, 0, 0, 


Allocating 0.000326633 MByte on the GPU for the spline
0
Free Memory: 23932108800 of 24060035072
# elapsed time (H2D): 2.87256s

Allocating 0.0219727 MBytes for caching

Allocating 0 MBytes for the results

Total allocated for evaluating: 0.0219727 MBytes 
Free Memory: 23928963072 of 24060035072
CUDA error: an illegal memory access was encountered : src/gpu_bsplv.cu, line 313
srun: error: g0001: task 0: Exited with exit code 1
srun: Terminating job step 7586575.0
